<?xml version="1.0" encoding="UTF-8"?>
<!-- Generated by org.testng.reporters.JUnitReportReporter -->
<testsuite hostname="DESKTOP-U64FBT2" failures="0" tests="1" name="general_settings_backend.VerifyEntriesDiscipline" time="30.644" errors="0" timestamp="2021-08-31T16:58:31 BDT" skipped="0">
  <testcase classname="general_settings_backend.VerifyEntriesDiscipline" name="EntriesTest" time="30.644"/>
  <system-out/>
</testsuite> <!-- general_settings_backend.VerifyEntriesDiscipline -->
