<?xml version="1.0" encoding="UTF-8"?>
<!-- Generated by org.testng.reporters.JUnitReportReporter -->
<testsuite hostname="DESKTOP-U64FBT2" failures="0" tests="1" name="general_settings_backend.Verify_Search_Language" time="18.221" errors="0" timestamp="2021-08-25T14:05:45 BDT" skipped="0">
  <testcase classname="general_settings_backend.Verify_Search_Language" name="search_test_language" time="18.221"/>
  <system-out/>
</testsuite> <!-- general_settings_backend.Verify_Search_Language -->
