<?xml version="1.0" encoding="UTF-8"?>
<!-- Generated by org.testng.reporters.JUnitReportReporter -->
<testsuite hostname="DESKTOP-U64FBT2" failures="0" tests="1" name="applications_backend.Status_Buttons_Applications" time="19.753" errors="0" timestamp="2021-08-24T18:48:22 BDT" skipped="0">
  <testcase classname="applications_backend.Status_Buttons_Applications" name="status_buttons_test" time="19.753"/>
  <system-out/>
</testsuite> <!-- applications_backend.Status_Buttons_Applications -->
