<?xml version="1.0" encoding="UTF-8"?>
<!-- Generated by org.testng.reporters.JUnitReportReporter -->
<testsuite hostname="DESKTOP-U64FBT2" failures="0" tests="1" name="general_settings_backend.VerifyDeleteCountrywiseEducation" time="26.148" errors="0" timestamp="2021-08-31T18:22:49 BDT" skipped="0">
  <testcase classname="general_settings_backend.VerifyDeleteCountrywiseEducation" name="DeleteTest" time="26.148"/>
  <system-out/>
</testsuite> <!-- general_settings_backend.VerifyDeleteCountrywiseEducation -->
