<?xml version="1.0" encoding="UTF-8"?>
<!-- Generated by org.testng.reporters.JUnitReportReporter -->
<testsuite hostname="DESKTOP-U64FBT2" failures="0" tests="1" name="university_settings_backend.Verify_Search_Program" time="24.389" errors="0" timestamp="2021-08-25T19:09:56 BDT" skipped="0">
  <testcase classname="university_settings_backend.Verify_Search_Program" name="actions_test" time="24.389"/>
  <system-out/>
</testsuite> <!-- university_settings_backend.Verify_Search_Program -->
