<?xml version="1.0" encoding="UTF-8"?>
<!-- Generated by org.testng.reporters.JUnitReportReporter -->
<testsuite hostname="DESKTOP-U64FBT2" failures="0" tests="1" name="celtabroad_frontend.VerifyLoginwithSocialMedia" time="29.899" errors="0" timestamp="2021-08-23T13:11:56 BDT" skipped="0">
  <testcase classname="celtabroad_frontend.VerifyLoginwithSocialMedia" name="login_with_social_mediatest" time="29.899"/>
  <system-out/>
</testsuite> <!-- celtabroad_frontend.VerifyLoginwithSocialMedia -->
