<?xml version="1.0" encoding="UTF-8"?>
<!-- Generated by org.testng.reporters.JUnitReportReporter -->
<testsuite hostname="DESKTOP-U64FBT2" failures="0" tests="1" name="university_settings_backend.Verify_PreviousNext_Institutions" time="22.486" errors="0" timestamp="2021-08-25T18:17:27 BDT" skipped="0">
  <testcase classname="university_settings_backend.Verify_PreviousNext_Institutions" name="previous_next_test" time="22.486"/>
  <system-out/>
</testsuite> <!-- university_settings_backend.Verify_PreviousNext_Institutions -->
