<?xml version="1.0" encoding="UTF-8"?>
<!-- Generated by org.testng.reporters.JUnitReportReporter -->
<testsuite hostname="DESKTOP-U64FBT2" failures="0" tests="1" name="menubutton_backend.VerifyHeaderMenuButton" time="0.000" errors="0" timestamp="2021-09-08T16:24:27 BDT" skipped="1">
  <testcase classname="menubutton_backend.VerifyHeaderMenuButton" name="MenuButtonTest" time="0.000">
    <skipped/>
  </testcase> <!-- MenuButtonTest -->
  <system-out/>
</testsuite> <!-- menubutton_backend.VerifyHeaderMenuButton -->
