<?xml version="1.0" encoding="UTF-8"?>
<!-- Generated by org.testng.reporters.JUnitReportReporter -->
<testsuite hostname="DESKTOP-U64FBT2" failures="0" tests="1" name="general_settings_backend.VerifySearchState" time="35.484" errors="0" timestamp="2021-08-31T19:40:13 BDT" skipped="0">
  <testcase classname="general_settings_backend.VerifySearchState" name="SearchTest" time="35.484"/>
  <system-out/>
</testsuite> <!-- general_settings_backend.VerifySearchState -->
