<?xml version="1.0" encoding="UTF-8"?>
<!-- Generated by org.testng.reporters.JUnitReportReporter -->
<testsuite hostname="DESKTOP-U64FBT2" failures="0" tests="1" name="general_settings_backend.Verify_Entries_Country" time="31.747" errors="0" timestamp="2021-08-26T12:40:58 BDT" skipped="0">
  <testcase classname="general_settings_backend.Verify_Entries_Country" name="entries_test" time="31.747"/>
  <system-out/>
</testsuite> <!-- general_settings_backend.Verify_Entries_Country -->
