<?xml version="1.0" encoding="UTF-8"?>
<!-- Generated by org.testng.reporters.JUnitReportReporter -->
<testsuite hostname="DESKTOP-U64FBT2" failures="0" tests="1" name="user_authentication_backend.Verify_login" time="10.164" errors="0" timestamp="2021-08-24T15:40:51 BDT" skipped="0">
  <testcase classname="user_authentication_backend.Verify_login" name="login_test" time="10.164"/>
  <system-out/>
</testsuite> <!-- user_authentication_backend.Verify_login -->
