<?xml version="1.0" encoding="UTF-8"?>
<!-- Generated by org.testng.reporters.JUnitReportReporter -->
<testsuite hostname="DESKTOP-U64FBT2" failures="0" tests="1" name="general_settings_backend.Verify_Search_Regions" time="18.271" errors="0" timestamp="2021-08-25T15:40:54 BDT" skipped="0">
  <testcase classname="general_settings_backend.Verify_Search_Regions" name="search_test_regions" time="18.271"/>
  <system-out/>
</testsuite> <!-- general_settings_backend.Verify_Search_Regions -->
