<?xml version="1.0" encoding="UTF-8"?>
<!-- Generated by org.testng.reporters.JUnitReportReporter -->
<testsuite hostname="DESKTOP-U64FBT2" failures="0" tests="1" name="celtabroad_backend.Verify_HeaderMenuButton" time="16.908" errors="0" timestamp="2021-08-24T11:39:55 BDT" skipped="0">
  <testcase classname="celtabroad_backend.Verify_HeaderMenuButton" name="menu_button_test" time="16.908"/>
  <system-out/>
</testsuite> <!-- celtabroad_backend.Verify_HeaderMenuButton -->
