<?xml version="1.0" encoding="UTF-8"?>
<!-- Generated by org.testng.reporters.JUnitReportReporter -->
<testsuite hostname="DESKTOP-U64FBT2" failures="0" tests="1" name="general_settings_backend.VerifyEntriesEducationLevels" time="25.260" errors="0" timestamp="2021-09-01T16:17:10 BDT" skipped="0">
  <testcase classname="general_settings_backend.VerifyEntriesEducationLevels" name="EntriesTest" time="25.260"/>
  <system-out/>
</testsuite> <!-- general_settings_backend.VerifyEntriesEducationLevels -->
