<?xml version="1.0" encoding="UTF-8"?>
<!-- Generated by org.testng.reporters.JUnitReportReporter -->
<testsuite hostname="DESKTOP-U64FBT2" failures="0" tests="1" name="celtabroad_backend.Verify_CheckboxofLogin" time="10.091" errors="0" timestamp="2021-08-23T17:51:35 BDT" skipped="0">
  <testcase classname="celtabroad_backend.Verify_CheckboxofLogin" name="checkbox_test" time="10.091"/>
  <system-out/>
</testsuite> <!-- celtabroad_backend.Verify_CheckboxofLogin -->
