<?xml version="1.0" encoding="UTF-8"?>
<!-- Generated by org.testng.reporters.JUnitReportReporter -->
<testsuite hostname="DESKTOP-U64FBT2" failures="0" tests="1" name="system_settings_backend.Verify_Currencies_Actions" time="43.444" errors="0" timestamp="2021-08-24T17:16:39 BDT" skipped="0">
  <testcase classname="system_settings_backend.Verify_Currencies_Actions" name="currencies_action_action" time="43.444"/>
  <system-out/>
</testsuite> <!-- system_settings_backend.Verify_Currencies_Actions -->
