<?xml version="1.0" encoding="UTF-8"?>
<!-- Generated by org.testng.reporters.JUnitReportReporter -->
<testsuite hostname="DESKTOP-U64FBT2" failures="0" tests="1" name="university_settings_backend.Verify_Entries_Student" time="29.020" errors="0" timestamp="2021-08-26T11:53:37 BDT" skipped="0">
  <testcase classname="university_settings_backend.Verify_Entries_Student" name="entries_test" time="29.020"/>
  <system-out/>
</testsuite> <!-- university_settings_backend.Verify_Entries_Student -->
