<?xml version="1.0" encoding="UTF-8"?>
<!-- Generated by org.testng.reporters.JUnitReportReporter -->
<testsuite hostname="DESKTOP-U64FBT2" failures="0" tests="1" name="general_settings_backend.VerifyAddCountrywiseeduction" time="33.056" errors="0" timestamp="2021-08-31T18:05:38 BDT" skipped="0">
  <testcase classname="general_settings_backend.VerifyAddCountrywiseeduction" name="AddTestCountrywiseeducation" time="33.056"/>
  <system-out/>
</testsuite> <!-- general_settings_backend.VerifyAddCountrywiseeduction -->
