<?xml version="1.0" encoding="UTF-8"?>
<!-- Generated by org.testng.reporters.JUnitReportReporter -->
<testsuite hostname="DESKTOP-U64FBT2" failures="0" tests="1" name="general_settings_backend.VerifyEntriesStudyArea" time="24.843" errors="0" timestamp="2021-09-06T11:11:50 BDT" skipped="0">
  <testcase classname="general_settings_backend.VerifyEntriesStudyArea" name="EntriesTest" time="24.843"/>
  <system-out/>
</testsuite> <!-- general_settings_backend.VerifyEntriesStudyArea -->
