<?xml version="1.0" encoding="UTF-8"?>
<!-- Generated by org.testng.reporters.JUnitReportReporter -->
<testsuite hostname="DESKTOP-U64FBT2" failures="0" tests="1" name="general_settings_backend.VerifyEntriesState" time="31.255" errors="0" timestamp="2021-08-31T19:15:42 BDT" skipped="0">
  <testcase classname="general_settings_backend.VerifyEntriesState" name="EntriesTest" time="31.255"/>
  <system-out/>
</testsuite> <!-- general_settings_backend.VerifyEntriesState -->
