<?xml version="1.0" encoding="UTF-8"?>
<!-- Generated by org.testng.reporters.JUnitReportReporter -->
<testsuite hostname="DESKTOP-U64FBT2" failures="0" tests="1" name="base_class.BaseTest" time="0.802" errors="0" timestamp="2021-08-27T18:09:03 BDT" skipped="0">
  <testcase classname="base_class.BaseTest" name="launchBrowser" time="0.802"/>
  <system-out/>
</testsuite> <!-- base_class.BaseTest -->
