<?xml version="1.0" encoding="UTF-8"?>
<!-- Generated by org.testng.reporters.JUnitReportReporter -->
<testsuite hostname="DESKTOP-U64FBT2" failures="0" tests="1" name="university_settings_backend.Verify_Search_Institutions" time="19.292" errors="0" timestamp="2021-08-25T18:09:06 BDT" skipped="0">
  <testcase classname="university_settings_backend.Verify_Search_Institutions" name="search_test_institutions" time="19.292"/>
  <system-out/>
</testsuite> <!-- university_settings_backend.Verify_Search_Institutions -->
