<?xml version="1.0" encoding="UTF-8"?>
<!-- Generated by org.testng.reporters.JUnitReportReporter -->
<testsuite hostname="DESKTOP-U64FBT2" failures="0" tests="1" name="general_settings_backend.VerifySearchEducationLevels" time="17.030" errors="0" timestamp="2021-09-01T16:21:18 BDT" skipped="0">
  <testcase classname="general_settings_backend.VerifySearchEducationLevels" name="SearchTest" time="17.030"/>
  <system-out/>
</testsuite> <!-- general_settings_backend.VerifySearchEducationLevels -->
