<?xml version="1.0" encoding="UTF-8"?>
<!-- Generated by org.testng.reporters.JUnitReportReporter -->
<testsuite hostname="DESKTOP-U64FBT2" failures="0" tests="1" name="university_settings_backend.Verify_Featured_Institutions" time="23.226" errors="0" timestamp="2021-08-25T18:25:26 BDT" skipped="0">
  <testcase classname="university_settings_backend.Verify_Featured_Institutions" name="featured_test" time="23.226"/>
  <system-out/>
</testsuite> <!-- university_settings_backend.Verify_Featured_Institutions -->
