<?xml version="1.0" encoding="UTF-8"?>
<!-- Generated by org.testng.reporters.JUnitReportReporter -->
<testsuite hostname="DESKTOP-U64FBT2" failures="0" tests="1" name="general_settings_backend.Verify_Entries_Region" time="26.428" errors="0" timestamp="2021-08-25T15:28:36 BDT" skipped="0">
  <testcase classname="general_settings_backend.Verify_Entries_Region" name="test_entries_regions" time="26.428"/>
  <system-out/>
</testsuite> <!-- general_settings_backend.Verify_Entries_Region -->
