<?xml version="1.0" encoding="UTF-8"?>
<!-- Generated by org.testng.reporters.JUnitReportReporter -->
<testsuite hostname="DESKTOP-U64FBT2" failures="0" tests="1" name="celtabroad_backend.Verify_Dashboard" time="14.027" errors="0" timestamp="2021-08-24T11:00:56 BDT" skipped="0">
  <testcase classname="celtabroad_backend.Verify_Dashboard" name="dashboard_link_test" time="14.027"/>
  <system-out/>
</testsuite> <!-- celtabroad_backend.Verify_Dashboard -->
