<?xml version="1.0" encoding="UTF-8"?>
<!-- Generated by org.testng.reporters.JUnitReportReporter -->
<testsuite hostname="DESKTOP-U64FBT2" failures="0" tests="1" name="logo_backend.VerifyCeltAbroadLogo" time="0.000" errors="0" timestamp="2021-09-08T16:13:13 BDT" skipped="1">
  <testcase classname="logo_backend.VerifyCeltAbroadLogo" name="CeltAbroadLogoTest" time="0.000">
    <skipped/>
  </testcase> <!-- CeltAbroadLogoTest -->
  <system-out/>
</testsuite> <!-- logo_backend.VerifyCeltAbroadLogo -->
