<?xml version="1.0" encoding="UTF-8"?>
<!-- Generated by org.testng.reporters.JUnitReportReporter -->
<testsuite hostname="DESKTOP-U64FBT2" failures="0" tests="1" name="celtabroad_frontend.VerifySearch" time="12.225" errors="0" timestamp="2021-08-23T16:24:13 BDT" skipped="0">
  <testcase classname="celtabroad_frontend.VerifySearch" name="search_test" time="12.225"/>
  <system-out/>
</testsuite> <!-- celtabroad_frontend.VerifySearch -->
