<?xml version="1.0" encoding="UTF-8"?>
<!-- Generated by org.testng.reporters.JUnitReportReporter -->
<testsuite hostname="DESKTOP-U64FBT2" failures="0" tests="1" name="user_authentication_backend.VerifyCheckboxofLogin" time="0.000" errors="0" timestamp="2021-09-08T16:24:27 BDT" skipped="1">
  <testcase classname="user_authentication_backend.VerifyCheckboxofLogin" name="CheckboxTest" time="0.000">
    <skipped/>
  </testcase> <!-- CheckboxTest -->
  <system-out/>
</testsuite> <!-- user_authentication_backend.VerifyCheckboxofLogin -->
