<?xml version="1.0" encoding="UTF-8"?>
<!-- Generated by org.testng.reporters.JUnitReportReporter -->
<testsuite hostname="DESKTOP-U64FBT2" failures="0" tests="1" name="general_settings_backend.Verify_Action_Region" time="27.219" errors="0" timestamp="2021-08-25T16:45:20 BDT" skipped="0">
  <testcase classname="general_settings_backend.Verify_Action_Region" name="action_test_region" time="27.219"/>
  <system-out/>
</testsuite> <!-- general_settings_backend.Verify_Action_Region -->
