<?xml version="1.0" encoding="UTF-8"?>
<!-- Generated by org.testng.reporters.JUnitReportReporter -->
<testsuite hostname="DESKTOP-U64FBT2" failures="0" tests="1" name="general_settings_backend.Verify_Entries_Languages" time="30.873" errors="0" timestamp="2021-08-25T13:40:44 BDT" skipped="0">
  <testcase classname="general_settings_backend.Verify_Entries_Languages" name="languages_test_general_settings" time="30.873"/>
  <system-out/>
</testsuite> <!-- general_settings_backend.Verify_Entries_Languages -->
