<?xml version="1.0" encoding="UTF-8"?>
<!-- Generated by org.testng.reporters.JUnitReportReporter -->
<testsuite hostname="DESKTOP-U64FBT2" failures="0" tests="1" name="system_settings_backend.Verify_Locale_Search" time="24.799" errors="0" timestamp="2021-08-24T16:35:39 BDT" skipped="0">
  <testcase classname="system_settings_backend.Verify_Locale_Search" name="locale_search_test" time="24.799"/>
  <system-out/>
</testsuite> <!-- system_settings_backend.Verify_Locale_Search -->
