<?xml version="1.0" encoding="UTF-8"?>
<!-- Generated by org.testng.reporters.JUnitReportReporter -->
<testsuite hostname="DESKTOP-U64FBT2" failures="0" tests="1" name="applications_backend.Search_Applications" time="17.903" errors="0" timestamp="2021-08-24T18:41:21 BDT" skipped="0">
  <testcase classname="applications_backend.Search_Applications" name="search_test" time="17.903"/>
  <system-out/>
</testsuite> <!-- applications_backend.Search_Applications -->
