<?xml version="1.0" encoding="UTF-8"?>
<!-- Generated by org.testng.reporters.JUnitReportReporter -->
<testsuite hostname="DESKTOP-U64FBT2" failures="0" tests="1" name="celtabroad_backend.Verify_login" time="12.724" errors="0" timestamp="2021-08-24T12:12:25 BDT" skipped="0">
  <testcase classname="celtabroad_backend.Verify_login" name="login_test" time="12.724"/>
  <system-out/>
</testsuite> <!-- celtabroad_backend.Verify_login -->
