<?xml version="1.0" encoding="UTF-8"?>
<!-- Generated by org.testng.reporters.JUnitReportReporter -->
<testsuite hostname="DESKTOP-U64FBT2" failures="0" tests="1" name="system_settings_backend.Verifylocaleentries" time="0.000" errors="0" timestamp="2021-09-08T16:13:13 BDT" skipped="1">
  <testcase classname="system_settings_backend.Verifylocaleentries" name="LocaleEntriesTest" time="0.000">
    <skipped/>
  </testcase> <!-- LocaleEntriesTest -->
  <system-out/>
</testsuite> <!-- system_settings_backend.Verifylocaleentries -->
