<?xml version="1.0" encoding="UTF-8"?>
<!-- Generated by org.testng.reporters.JUnitReportReporter -->
<testsuite hostname="DESKTOP-U64FBT2" failures="0" tests="1" name="base_class.BaseTest" time="0.808" errors="0" timestamp="2021-09-01T16:10:08 BDT" skipped="0">
  <testcase classname="base_class.BaseTest" name="launchBrowser" time="0.808"/>
  <system-out/>
</testsuite> <!-- base_class.BaseTest -->
