<?xml version="1.0" encoding="UTF-8"?>
<!-- Generated by org.testng.reporters.JUnitReportReporter -->
<testsuite hostname="DESKTOP-U64FBT2" failures="0" tests="1" name="system_settings_backend.Verify_Locale_Action" time="43.505" errors="0" timestamp="2021-08-24T16:04:41 BDT" skipped="0">
  <testcase classname="system_settings_backend.Verify_Locale_Action" name="locale_action_test" time="43.505"/>
  <system-out/>
</testsuite> <!-- system_settings_backend.Verify_Locale_Action -->
