<?xml version="1.0" encoding="UTF-8"?>
<!-- Generated by org.testng.reporters.JUnitReportReporter -->
<testsuite hostname="DESKTOP-U64FBT2" failures="0" tests="1" name="celtabroad_backend.Verify_CeltAbroad_Logo" time="15.410" errors="0" timestamp="2021-08-24T13:48:03 BDT" skipped="0">
  <testcase classname="celtabroad_backend.Verify_CeltAbroad_Logo" name="celtabroad_logo_test" time="15.410"/>
  <system-out/>
</testsuite> <!-- celtabroad_backend.Verify_CeltAbroad_Logo -->
