<?xml version="1.0" encoding="UTF-8"?>
<!-- Generated by org.testng.reporters.JUnitReportReporter -->
<testsuite hostname="DESKTOP-U64FBT2" failures="0" tests="1" name="general_settings_backend.VerifySearchStudyArea" time="16.952" errors="0" timestamp="2021-09-06T11:25:31 BDT" skipped="0">
  <testcase classname="general_settings_backend.VerifySearchStudyArea" name="SearchTest" time="16.952"/>
  <system-out/>
</testsuite> <!-- general_settings_backend.VerifySearchStudyArea -->
