<?xml version="1.0" encoding="UTF-8"?>
<!-- Generated by org.testng.reporters.JUnitReportReporter -->
<testsuite hostname="DESKTOP-U64FBT2" failures="0" tests="1" name="celtabroad_frontend.VerifyLanguage" time="22.222" errors="0" timestamp="2021-08-23T13:57:07 BDT" skipped="0">
  <testcase classname="celtabroad_frontend.VerifyLanguage" name="language_test" time="22.222"/>
  <system-out/>
</testsuite> <!-- celtabroad_frontend.VerifyLanguage -->
