<?xml version="1.0" encoding="UTF-8"?>
<!-- Generated by org.testng.reporters.JUnitReportReporter -->
<testsuite hostname="DESKTOP-U64FBT2" failures="0" tests="1" name="blog_backend.Search_Blog" time="15.888" errors="0" timestamp="2021-08-25T11:17:43 BDT" skipped="0">
  <testcase classname="blog_backend.Search_Blog" name="search_test_blog" time="15.888"/>
  <system-out/>
</testsuite> <!-- blog_backend.Search_Blog -->
