<?xml version="1.0" encoding="UTF-8"?>
<!-- Generated by org.testng.reporters.JUnitReportReporter -->
<testsuite hostname="DESKTOP-U64FBT2" failures="0" tests="1" name="newsletter_backend.Verify_Search" time="18.370" errors="0" timestamp="2021-08-24T18:03:57 BDT" skipped="0">
  <testcase classname="newsletter_backend.Verify_Search" name="newsletter_search_test" time="18.370"/>
  <system-out/>
</testsuite> <!-- newsletter_backend.Verify_Search -->
