<?xml version="1.0" encoding="UTF-8"?>
<!-- Generated by org.testng.reporters.JUnitReportReporter -->
<testsuite hostname="DESKTOP-U64FBT2" failures="0" tests="1" name="university_settings_backend.Verify_Actions_Student" time="28.061" errors="0" timestamp="2021-08-26T12:20:05 BDT" skipped="0">
  <testcase classname="university_settings_backend.Verify_Actions_Student" name="action_test" time="28.061"/>
  <system-out/>
</testsuite> <!-- university_settings_backend.Verify_Actions_Student -->
