<?xml version="1.0" encoding="UTF-8"?>
<!-- Generated by org.testng.reporters.JUnitReportReporter -->
<testsuite hostname="DESKTOP-U64FBT2" failures="0" tests="1" name="title_backend.Verify_Title" time="4.516" errors="0" timestamp="2021-08-26T15:58:57 BDT" skipped="1">
  <testcase classname="title_backend.Verify_Title" name="title_test" time="4.516">
    <skipped/>
  </testcase> <!-- title_test -->
  <system-out/>
</testsuite> <!-- title_backend.Verify_Title -->
