<?xml version="1.0" encoding="UTF-8"?>
<!-- Generated by org.testng.reporters.JUnitReportReporter -->
<testsuite hostname="DESKTOP-U64FBT2" failures="0" tests="1" name="dashboard_backend.VerifyDashboard" time="0.000" errors="0" timestamp="2021-09-08T16:24:27 BDT" skipped="1">
  <testcase classname="dashboard_backend.VerifyDashboard" name="DashboardLinkTest" time="0.000">
    <skipped/>
  </testcase> <!-- DashboardLinkTest -->
  <system-out/>
</testsuite> <!-- dashboard_backend.VerifyDashboard -->
