<?xml version="1.0" encoding="UTF-8"?>
<!-- Generated by org.testng.reporters.JUnitReportReporter -->
<testsuite hostname="DESKTOP-U64FBT2" failures="0" tests="1" name="title_backend.VerifyTitle" time="3.784" errors="0" timestamp="2021-09-06T17:01:51 BDT" skipped="1">
  <testcase classname="title_backend.VerifyTitle" name="TitleTest" time="3.784">
    <skipped/>
  </testcase> <!-- TitleTest -->
  <system-out/>
</testsuite> <!-- title_backend.VerifyTitle -->
