<?xml version="1.0" encoding="UTF-8"?>
<!-- Generated by org.testng.reporters.JUnitReportReporter -->
<testsuite hostname="DESKTOP-U64FBT2" failures="0" tests="1" name="system_settings_backend.Verify_Currencies_Add" time="35.797" errors="0" timestamp="2021-08-24T17:30:11 BDT" skipped="0">
  <testcase classname="system_settings_backend.Verify_Currencies_Add" name="currencies_add_test" time="35.797"/>
  <system-out/>
</testsuite> <!-- system_settings_backend.Verify_Currencies_Add -->
