<?xml version="1.0" encoding="UTF-8"?>
<!-- Generated by org.testng.reporters.JUnitReportReporter -->
<testsuite hostname="DESKTOP-U64FBT2" failures="0" tests="1" name="general_settings_backend.Verify_Add_Regions" time="23.597" errors="0" timestamp="2021-08-25T15:52:41 BDT" skipped="0">
  <testcase classname="general_settings_backend.Verify_Add_Regions" name="verify_test_regions" time="23.597"/>
  <system-out/>
</testsuite> <!-- general_settings_backend.Verify_Add_Regions -->
