<?xml version="1.0" encoding="UTF-8"?>
<!-- Generated by org.testng.reporters.JUnitReportReporter -->
<testsuite hostname="DESKTOP-U64FBT2" failures="0" tests="1" name="system_settings_backend.Verify_locale_entries" time="23.100" errors="0" timestamp="2021-08-24T12:51:59 BDT" skipped="0">
  <testcase classname="system_settings_backend.Verify_locale_entries" name="locale_entries_test" time="23.100"/>
  <system-out/>
</testsuite> <!-- system_settings_backend.Verify_locale_entries -->
