<?xml version="1.0" encoding="UTF-8"?>
<!-- Generated by org.testng.reporters.JUnitReportReporter -->
<testsuite hostname="DESKTOP-U64FBT2" failures="0" tests="1" name="university_settings_backend.Verify_Search_UniversityRepresentatives" time="19.011" errors="0" timestamp="2021-08-25T17:17:06 BDT" skipped="0">
  <testcase classname="university_settings_backend.Verify_Search_UniversityRepresentatives" name="search_test_university_representative" time="19.011"/>
  <system-out/>
</testsuite> <!-- university_settings_backend.Verify_Search_UniversityRepresentatives -->
